

Processing ApplicationController#index (for 127.0.0.1 at 2009-04-23 14:35:20) [GET]

ActionController::RoutingError (No route matches "/blackmetalguy.jpg" with {:method=>:get}):
  

Rendering rescues/layout (not_found)


Processing ApplicationController#index (for 127.0.0.1 at 2009-04-23 14:35:21) [GET]

ActionController::RoutingError (No route matches "/blackmetalguy.jpg" with {:method=>:get}):
  

Rendering rescues/layout (not_found)


Processing ApplicationController#index (for 127.0.0.1 at 2009-04-23 14:35:21) [GET]

ActionController::RoutingError (No route matches "/blackmetalguy.jpg" with {:method=>:get}):
  

Rendering rescues/layout (not_found)
  [4;36;1mSQL (0.2ms)[0m   [0;1mSET SQL_AUTO_IS_NULL=0[0m
  [4;35;1mSQL (0.4ms)[0m   [0mSHOW TABLES[0m
  [4;36;1mSQL (31.9ms)[0m   [0;1mCREATE TABLE `schema_migrations` (`version` varchar(255) NOT NULL) ENGINE=InnoDB[0m
  [4;35;1mSQL (74.1ms)[0m   [0mCREATE UNIQUE INDEX `unique_schema_migrations` ON `schema_migrations` (`version`)[0m
  [4;36;1mSQL (0.5ms)[0m   [0;1mSHOW TABLES[0m
  [4;35;1mSQL (0.4ms)[0m   [0mSELECT version FROM schema_migrations[0m
Migrating to CreateArticles (20090805155856)
  [4;36;1mSQL (2.7ms)[0m   [0;1mCREATE TABLE `articles` (`id` int(11) DEFAULT NULL auto_increment PRIMARY KEY, `body` text, `user_id` int(11), `subject` text, `created_at` datetime, `updated_at` datetime) ENGINE=InnoDB[0m
  [4;35;1mSQL (21.5ms)[0m   [0mINSERT INTO schema_migrations (version) VALUES ('20090805155856')[0m
  [4;36;1mSQL (0.5ms)[0m   [0;1mSHOW TABLES[0m
  [4;35;1mSQL (0.2ms)[0m   [0mSELECT version FROM schema_migrations[0m
  [4;36;1mSQL (0.3ms)[0m   [0;1mSHOW TABLES[0m
  [4;35;1mSQL (4.5ms)[0m   [0mSHOW FIELDS FROM `articles`[0m
  [4;36;1mSQL (2.3ms)[0m   [0;1mdescribe `articles`[0m
  [4;35;1mSQL (0.8ms)[0m   [0mSHOW KEYS FROM `articles`[0m
  [4;36;1mSQL (0.2ms)[0m   [0;1mSET SQL_AUTO_IS_NULL=0[0m


Processing ArticlesController#index (for 127.0.0.1 at 2009-08-05 11:07:54) [GET]
  [4;35;1mArticle Load (0.4ms)[0m   [0mSELECT * FROM `articles` [0m
Rendering template within layouts/application
Rendering articles/index
DEPRECATION WARNING: ActionController::Session::AbstractStore::SessionHash#session_id has been deprecated. Please use request.session_options[:id] instead.. (called from juggernaut at /Users/CRL00265/Documents/metal/vendor/plugins/juggernaut/lib/juggernaut_helper.rb:12)
Completed in 71ms (View: 65, DB: 1) | 200 OK [http://mm/articles]
  [4;36;1mSQL (0.1ms)[0m   [0;1mSET SQL_AUTO_IS_NULL=0[0m


Processing ArticlesController#send_data (for 127.0.0.1 at 2009-08-05 11:07:59) [POST]
  Parameters: {"commit"=>"Add", "chat_input"=>"dwadad", "authenticity_token"=>"5o6kfEtG0e3rsWGW7j69uDW2yo4y1Y77cjXb1vt8qm4="}

NameError (undefined local variable or method `add_variables_to_assigns' for #<ArticlesController:0x226abb8>):
  app/controllers/articles_controller.rb:46:in `send_data'
  passenger (2.2.3) lib/phusion_passenger/rack/request_handler.rb:91:in `process_request'
  passenger (2.2.3) lib/phusion_passenger/abstract_request_handler.rb:206:in `main_loop'
  passenger (2.2.3) lib/phusion_passenger/railz/application_spawner.rb:376:in `start_request_handler'
  passenger (2.2.3) lib/phusion_passenger/railz/application_spawner.rb:334:in `handle_spawn_application'
  passenger (2.2.3) lib/phusion_passenger/utils.rb:182:in `safe_fork'
  passenger (2.2.3) lib/phusion_passenger/railz/application_spawner.rb:332:in `handle_spawn_application'
  passenger (2.2.3) lib/phusion_passenger/abstract_server.rb:351:in `__send__'
  passenger (2.2.3) lib/phusion_passenger/abstract_server.rb:351:in `main_loop'
  passenger (2.2.3) lib/phusion_passenger/abstract_server.rb:195:in `start_synchronously'
  passenger (2.2.3) lib/phusion_passenger/abstract_server.rb:162:in `start'
  passenger (2.2.3) lib/phusion_passenger/railz/application_spawner.rb:213:in `start'
  passenger (2.2.3) lib/phusion_passenger/spawn_manager.rb:261:in `spawn_rails_application'
  passenger (2.2.3) lib/phusion_passenger/abstract_server_collection.rb:126:in `lookup_or_add'
  passenger (2.2.3) lib/phusion_passenger/spawn_manager.rb:255:in `spawn_rails_application'
  passenger (2.2.3) lib/phusion_passenger/abstract_server_collection.rb:80:in `synchronize'
  passenger (2.2.3) lib/phusion_passenger/abstract_server_collection.rb:79:in `synchronize'
  passenger (2.2.3) lib/phusion_passenger/spawn_manager.rb:254:in `spawn_rails_application'
  passenger (2.2.3) lib/phusion_passenger/spawn_manager.rb:153:in `spawn_application'
  passenger (2.2.3) lib/phusion_passenger/spawn_manager.rb:286:in `handle_spawn_application'
  passenger (2.2.3) lib/phusion_passenger/abstract_server.rb:351:in `__send__'
  passenger (2.2.3) lib/phusion_passenger/abstract_server.rb:351:in `main_loop'
  passenger (2.2.3) lib/phusion_passenger/abstract_server.rb:195:in `start_synchronously'

Rendered rescues/_trace (36.3ms)
Rendered rescues/_request_and_response (1.5ms)
Rendering rescues/layout (internal_server_error)
  [4;35;1mSQL (0.1ms)[0m   [0mSET SQL_AUTO_IS_NULL=0[0m


Processing ArticlesController#send_data (for 127.0.0.1 at 2009-08-05 11:08:05) [POST]
  Parameters: {"commit"=>"Add", "chat_input"=>"ddd", "authenticity_token"=>"5o6kfEtG0e3rsWGW7j69uDW2yo4y1Y77cjXb1vt8qm4="}

NameError (undefined local variable or method `add_variables_to_assigns' for #<ArticlesController:0x213ee60>):
  app/controllers/articles_controller.rb:46:in `send_data'
  passenger (2.2.3) lib/phusion_passenger/rack/request_handler.rb:91:in `process_request'
  passenger (2.2.3) lib/phusion_passenger/abstract_request_handler.rb:206:in `main_loop'
  passenger (2.2.3) lib/phusion_passenger/railz/application_spawner.rb:376:in `start_request_handler'
  passenger (2.2.3) lib/phusion_passenger/railz/application_spawner.rb:334:in `handle_spawn_application'
  passenger (2.2.3) lib/phusion_passenger/utils.rb:182:in `safe_fork'
  passenger (2.2.3) lib/phusion_passenger/railz/application_spawner.rb:332:in `handle_spawn_application'
  passenger (2.2.3) lib/phusion_passenger/abstract_server.rb:351:in `__send__'
  passenger (2.2.3) lib/phusion_passenger/abstract_server.rb:351:in `main_loop'
  passenger (2.2.3) lib/phusion_passenger/abstract_server.rb:195:in `start_synchronously'
  passenger (2.2.3) lib/phusion_passenger/abstract_server.rb:162:in `start'
  passenger (2.2.3) lib/phusion_passenger/railz/application_spawner.rb:213:in `start'
  passenger (2.2.3) lib/phusion_passenger/spawn_manager.rb:261:in `spawn_rails_application'
  passenger (2.2.3) lib/phusion_passenger/abstract_server_collection.rb:126:in `lookup_or_add'
  passenger (2.2.3) lib/phusion_passenger/spawn_manager.rb:255:in `spawn_rails_application'
  passenger (2.2.3) lib/phusion_passenger/abstract_server_collection.rb:80:in `synchronize'
  passenger (2.2.3) lib/phusion_passenger/abstract_server_collection.rb:79:in `synchronize'
  passenger (2.2.3) lib/phusion_passenger/spawn_manager.rb:254:in `spawn_rails_application'
  passenger (2.2.3) lib/phusion_passenger/spawn_manager.rb:153:in `spawn_application'
  passenger (2.2.3) lib/phusion_passenger/spawn_manager.rb:286:in `handle_spawn_application'
  passenger (2.2.3) lib/phusion_passenger/abstract_server.rb:351:in `__send__'
  passenger (2.2.3) lib/phusion_passenger/abstract_server.rb:351:in `main_loop'
  passenger (2.2.3) lib/phusion_passenger/abstract_server.rb:195:in `start_synchronously'

Rendered rescues/_trace (129.2ms)
Rendered rescues/_request_and_response (0.3ms)
Rendering rescues/layout (internal_server_error)
  [4;36;1mSQL (0.1ms)[0m   [0;1mSET SQL_AUTO_IS_NULL=0[0m


Processing ArticlesController#send_data (for 127.0.0.1 at 2009-08-05 11:08:07) [POST]
  Parameters: {"commit"=>"Add", "chat_input"=>"dwada", "authenticity_token"=>"5o6kfEtG0e3rsWGW7j69uDW2yo4y1Y77cjXb1vt8qm4="}

NameError (undefined local variable or method `add_variables_to_assigns' for #<ArticlesController:0x240c214>):
  app/controllers/articles_controller.rb:46:in `send_data'
  passenger (2.2.3) lib/phusion_passenger/rack/request_handler.rb:91:in `process_request'
  passenger (2.2.3) lib/phusion_passenger/abstract_request_handler.rb:206:in `main_loop'
  passenger (2.2.3) lib/phusion_passenger/railz/application_spawner.rb:376:in `start_request_handler'
  passenger (2.2.3) lib/phusion_passenger/railz/application_spawner.rb:334:in `handle_spawn_application'
  passenger (2.2.3) lib/phusion_passenger/utils.rb:182:in `safe_fork'
  passenger (2.2.3) lib/phusion_passenger/railz/application_spawner.rb:332:in `handle_spawn_application'
  passenger (2.2.3) lib/phusion_passenger/abstract_server.rb:351:in `__send__'
  passenger (2.2.3) lib/phusion_passenger/abstract_server.rb:351:in `main_loop'
  passenger (2.2.3) lib/phusion_passenger/abstract_server.rb:195:in `start_synchronously'
  passenger (2.2.3) lib/phusion_passenger/abstract_server.rb:162:in `start'
  passenger (2.2.3) lib/phusion_passenger/railz/application_spawner.rb:213:in `start'
  passenger (2.2.3) lib/phusion_passenger/spawn_manager.rb:261:in `spawn_rails_application'
  passenger (2.2.3) lib/phusion_passenger/abstract_server_collection.rb:126:in `lookup_or_add'
  passenger (2.2.3) lib/phusion_passenger/spawn_manager.rb:255:in `spawn_rails_application'
  passenger (2.2.3) lib/phusion_passenger/abstract_server_collection.rb:80:in `synchronize'
  passenger (2.2.3) lib/phusion_passenger/abstract_server_collection.rb:79:in `synchronize'
  passenger (2.2.3) lib/phusion_passenger/spawn_manager.rb:254:in `spawn_rails_application'
  passenger (2.2.3) lib/phusion_passenger/spawn_manager.rb:153:in `spawn_application'
  passenger (2.2.3) lib/phusion_passenger/spawn_manager.rb:286:in `handle_spawn_application'
  passenger (2.2.3) lib/phusion_passenger/abstract_server.rb:351:in `__send__'
  passenger (2.2.3) lib/phusion_passenger/abstract_server.rb:351:in `main_loop'
  passenger (2.2.3) lib/phusion_passenger/abstract_server.rb:195:in `start_synchronously'

Rendered rescues/_trace (27.4ms)
Rendered rescues/_request_and_response (0.3ms)
Rendering rescues/layout (internal_server_error)
  [4;35;1mSQL (0.1ms)[0m   [0mSET SQL_AUTO_IS_NULL=0[0m


Processing ArticlesController#send_data (for 127.0.0.1 at 2009-08-05 11:08:08) [POST]
  Parameters: {"commit"=>"Add", "chat_input"=>"", "authenticity_token"=>"5o6kfEtG0e3rsWGW7j69uDW2yo4y1Y77cjXb1vt8qm4="}

NameError (undefined local variable or method `add_variables_to_assigns' for #<ArticlesController:0x2283bcc>):
  app/controllers/articles_controller.rb:46:in `send_data'
  passenger (2.2.3) lib/phusion_passenger/rack/request_handler.rb:91:in `process_request'
  passenger (2.2.3) lib/phusion_passenger/abstract_request_handler.rb:206:in `main_loop'
  passenger (2.2.3) lib/phusion_passenger/railz/application_spawner.rb:376:in `start_request_handler'
  passenger (2.2.3) lib/phusion_passenger/railz/application_spawner.rb:334:in `handle_spawn_application'
  passenger (2.2.3) lib/phusion_passenger/utils.rb:182:in `safe_fork'
  passenger (2.2.3) lib/phusion_passenger/railz/application_spawner.rb:332:in `handle_spawn_application'
  passenger (2.2.3) lib/phusion_passenger/abstract_server.rb:351:in `__send__'
  passenger (2.2.3) lib/phusion_passenger/abstract_server.rb:351:in `main_loop'
  passenger (2.2.3) lib/phusion_passenger/abstract_server.rb:195:in `start_synchronously'
  passenger (2.2.3) lib/phusion_passenger/abstract_server.rb:162:in `start'
  passenger (2.2.3) lib/phusion_passenger/railz/application_spawner.rb:213:in `start'
  passenger (2.2.3) lib/phusion_passenger/spawn_manager.rb:261:in `spawn_rails_application'
  passenger (2.2.3) lib/phusion_passenger/abstract_server_collection.rb:126:in `lookup_or_add'
  passenger (2.2.3) lib/phusion_passenger/spawn_manager.rb:255:in `spawn_rails_application'
  passenger (2.2.3) lib/phusion_passenger/abstract_server_collection.rb:80:in `synchronize'
  passenger (2.2.3) lib/phusion_passenger/abstract_server_collection.rb:79:in `synchronize'
  passenger (2.2.3) lib/phusion_passenger/spawn_manager.rb:254:in `spawn_rails_application'
  passenger (2.2.3) lib/phusion_passenger/spawn_manager.rb:153:in `spawn_application'
  passenger (2.2.3) lib/phusion_passenger/spawn_manager.rb:286:in `handle_spawn_application'
  passenger (2.2.3) lib/phusion_passenger/abstract_server.rb:351:in `__send__'
  passenger (2.2.3) lib/phusion_passenger/abstract_server.rb:351:in `main_loop'
  passenger (2.2.3) lib/phusion_passenger/abstract_server.rb:195:in `start_synchronously'

Rendered rescues/_trace (29.7ms)
Rendered rescues/_request_and_response (0.3ms)
Rendering rescues/layout (internal_server_error)
  [4;36;1mSQL (0.1ms)[0m   [0;1mSET SQL_AUTO_IS_NULL=0[0m


Processing ArticlesController#send_data (for 127.0.0.1 at 2009-08-05 11:08:08) [POST]
  Parameters: {"commit"=>"Add", "chat_input"=>"", "authenticity_token"=>"5o6kfEtG0e3rsWGW7j69uDW2yo4y1Y77cjXb1vt8qm4="}

NameError (undefined local variable or method `add_variables_to_assigns' for #<ArticlesController:0x217bd24>):
  app/controllers/articles_controller.rb:46:in `send_data'
  passenger (2.2.3) lib/phusion_passenger/rack/request_handler.rb:91:in `process_request'
  passenger (2.2.3) lib/phusion_passenger/abstract_request_handler.rb:206:in `main_loop'
  passenger (2.2.3) lib/phusion_passenger/railz/application_spawner.rb:376:in `start_request_handler'
  passenger (2.2.3) lib/phusion_passenger/railz/application_spawner.rb:334:in `handle_spawn_application'
  passenger (2.2.3) lib/phusion_passenger/utils.rb:182:in `safe_fork'
  passenger (2.2.3) lib/phusion_passenger/railz/application_spawner.rb:332:in `handle_spawn_application'
  passenger (2.2.3) lib/phusion_passenger/abstract_server.rb:351:in `__send__'
  passenger (2.2.3) lib/phusion_passenger/abstract_server.rb:351:in `main_loop'
  passenger (2.2.3) lib/phusion_passenger/abstract_server.rb:195:in `start_synchronously'
  passenger (2.2.3) lib/phusion_passenger/abstract_server.rb:162:in `start'
  passenger (2.2.3) lib/phusion_passenger/railz/application_spawner.rb:213:in `start'
  passenger (2.2.3) lib/phusion_passenger/spawn_manager.rb:261:in `spawn_rails_application'
  passenger (2.2.3) lib/phusion_passenger/abstract_server_collection.rb:126:in `lookup_or_add'
  passenger (2.2.3) lib/phusion_passenger/spawn_manager.rb:255:in `spawn_rails_application'
  passenger (2.2.3) lib/phusion_passenger/abstract_server_collection.rb:80:in `synchronize'
  passenger (2.2.3) lib/phusion_passenger/abstract_server_collection.rb:79:in `synchronize'
  passenger (2.2.3) lib/phusion_passenger/spawn_manager.rb:254:in `spawn_rails_application'
  passenger (2.2.3) lib/phusion_passenger/spawn_manager.rb:153:in `spawn_application'
  passenger (2.2.3) lib/phusion_passenger/spawn_manager.rb:286:in `handle_spawn_application'
  passenger (2.2.3) lib/phusion_passenger/abstract_server.rb:351:in `__send__'
  passenger (2.2.3) lib/phusion_passenger/abstract_server.rb:351:in `main_loop'
  passenger (2.2.3) lib/phusion_passenger/abstract_server.rb:195:in `start_synchronously'

Rendered rescues/_trace (27.7ms)
Rendered rescues/_request_and_response (0.3ms)
Rendering rescues/layout (internal_server_error)
  [4;35;1mSQL (0.2ms)[0m   [0mSET SQL_AUTO_IS_NULL=0[0m


Processing ArticlesController#index (for 127.0.0.1 at 2009-08-05 11:08:46) [GET]
  [4;36;1mArticle Load (0.3ms)[0m   [0;1mSELECT * FROM `articles` [0m
Rendering template within layouts/application
Rendering articles/index
DEPRECATION WARNING: ActionController::Session::AbstractStore::SessionHash#session_id has been deprecated. Please use request.session_options[:id] instead.. (called from juggernaut at /Users/CRL00265/Documents/metal/vendor/plugins/juggernaut/lib/juggernaut_helper.rb:12)
Completed in 8ms (View: 3, DB: 1) | 200 OK [http://mm/articles]
  [4;35;1mSQL (0.2ms)[0m   [0mSET SQL_AUTO_IS_NULL=0[0m


Processing ArticlesController#send_data (for 127.0.0.1 at 2009-08-05 11:08:51) [POST]
  Parameters: {"commit"=>"Add", "chat_input"=>"dawdawd", "authenticity_token"=>"vXAMNXq9WqD7lOpJ32sq9Cnj8q6CZRiiH72FOO7/B90=", "_"=>""}

NameError (undefined local variable or method `add_variables_to_assigns' for #<ArticlesController:0x23ab4a0>):
  app/controllers/articles_controller.rb:46:in `send_data'
  passenger (2.2.3) lib/phusion_passenger/rack/request_handler.rb:91:in `process_request'
  passenger (2.2.3) lib/phusion_passenger/abstract_request_handler.rb:206:in `main_loop'
  passenger (2.2.3) lib/phusion_passenger/railz/application_spawner.rb:376:in `start_request_handler'
  passenger (2.2.3) lib/phusion_passenger/railz/application_spawner.rb:334:in `handle_spawn_application'
  passenger (2.2.3) lib/phusion_passenger/utils.rb:182:in `safe_fork'
  passenger (2.2.3) lib/phusion_passenger/railz/application_spawner.rb:332:in `handle_spawn_application'
  passenger (2.2.3) lib/phusion_passenger/abstract_server.rb:351:in `__send__'
  passenger (2.2.3) lib/phusion_passenger/abstract_server.rb:351:in `main_loop'
  passenger (2.2.3) lib/phusion_passenger/abstract_server.rb:195:in `start_synchronously'
  passenger (2.2.3) lib/phusion_passenger/abstract_server.rb:162:in `start'
  passenger (2.2.3) lib/phusion_passenger/railz/application_spawner.rb:213:in `start'
  passenger (2.2.3) lib/phusion_passenger/spawn_manager.rb:261:in `spawn_rails_application'
  passenger (2.2.3) lib/phusion_passenger/abstract_server_collection.rb:126:in `lookup_or_add'
  passenger (2.2.3) lib/phusion_passenger/spawn_manager.rb:255:in `spawn_rails_application'
  passenger (2.2.3) lib/phusion_passenger/abstract_server_collection.rb:80:in `synchronize'
  passenger (2.2.3) lib/phusion_passenger/abstract_server_collection.rb:79:in `synchronize'
  passenger (2.2.3) lib/phusion_passenger/spawn_manager.rb:254:in `spawn_rails_application'
  passenger (2.2.3) lib/phusion_passenger/spawn_manager.rb:153:in `spawn_application'
  passenger (2.2.3) lib/phusion_passenger/spawn_manager.rb:286:in `handle_spawn_application'
  passenger (2.2.3) lib/phusion_passenger/abstract_server.rb:351:in `__send__'
  passenger (2.2.3) lib/phusion_passenger/abstract_server.rb:351:in `main_loop'
  passenger (2.2.3) lib/phusion_passenger/abstract_server.rb:195:in `start_synchronously'

Rendered rescues/_trace (27.1ms)
Rendered rescues/_request_and_response (0.3ms)
Rendering rescues/layout (internal_server_error)
  [4;36;1mSQL (0.1ms)[0m   [0;1mSET SQL_AUTO_IS_NULL=0[0m


Processing ArticlesController#send_data (for 127.0.0.1 at 2009-08-05 11:08:53) [POST]
  Parameters: {"commit"=>"Add", "chat_input"=>"dwadawdada", "authenticity_token"=>"vXAMNXq9WqD7lOpJ32sq9Cnj8q6CZRiiH72FOO7/B90=", "_"=>""}

NameError (undefined local variable or method `add_variables_to_assigns' for #<ArticlesController:0x222a220>):
  app/controllers/articles_controller.rb:46:in `send_data'
  passenger (2.2.3) lib/phusion_passenger/rack/request_handler.rb:91:in `process_request'
  passenger (2.2.3) lib/phusion_passenger/abstract_request_handler.rb:206:in `main_loop'
  passenger (2.2.3) lib/phusion_passenger/railz/application_spawner.rb:376:in `start_request_handler'
  passenger (2.2.3) lib/phusion_passenger/railz/application_spawner.rb:334:in `handle_spawn_application'
  passenger (2.2.3) lib/phusion_passenger/utils.rb:182:in `safe_fork'
  passenger (2.2.3) lib/phusion_passenger/railz/application_spawner.rb:332:in `handle_spawn_application'
  passenger (2.2.3) lib/phusion_passenger/abstract_server.rb:351:in `__send__'
  passenger (2.2.3) lib/phusion_passenger/abstract_server.rb:351:in `main_loop'
  passenger (2.2.3) lib/phusion_passenger/abstract_server.rb:195:in `start_synchronously'
  passenger (2.2.3) lib/phusion_passenger/abstract_server.rb:162:in `start'
  passenger (2.2.3) lib/phusion_passenger/railz/application_spawner.rb:213:in `start'
  passenger (2.2.3) lib/phusion_passenger/spawn_manager.rb:261:in `spawn_rails_application'
  passenger (2.2.3) lib/phusion_passenger/abstract_server_collection.rb:126:in `lookup_or_add'
  passenger (2.2.3) lib/phusion_passenger/spawn_manager.rb:255:in `spawn_rails_application'
  passenger (2.2.3) lib/phusion_passenger/abstract_server_collection.rb:80:in `synchronize'
  passenger (2.2.3) lib/phusion_passenger/abstract_server_collection.rb:79:in `synchronize'
  passenger (2.2.3) lib/phusion_passenger/spawn_manager.rb:254:in `spawn_rails_application'
  passenger (2.2.3) lib/phusion_passenger/spawn_manager.rb:153:in `spawn_application'
  passenger (2.2.3) lib/phusion_passenger/spawn_manager.rb:286:in `handle_spawn_application'
  passenger (2.2.3) lib/phusion_passenger/abstract_server.rb:351:in `__send__'
  passenger (2.2.3) lib/phusion_passenger/abstract_server.rb:351:in `main_loop'
  passenger (2.2.3) lib/phusion_passenger/abstract_server.rb:195:in `start_synchronously'

Rendered rescues/_trace (26.4ms)
Rendered rescues/_request_and_response (0.3ms)
Rendering rescues/layout (internal_server_error)
  [4;35;1mSQL (0.2ms)[0m   [0mSET SQL_AUTO_IS_NULL=0[0m


Processing ArticlesController#send_data (for 127.0.0.1 at 2009-08-05 11:08:55) [POST]
  Parameters: {"commit"=>"Add", "chat_input"=>"dwadawdad", "authenticity_token"=>"vXAMNXq9WqD7lOpJ32sq9Cnj8q6CZRiiH72FOO7/B90=", "_"=>""}

NameError (undefined local variable or method `add_variables_to_assigns' for #<ArticlesController:0x213ea50>):
  app/controllers/articles_controller.rb:46:in `send_data'
  passenger (2.2.3) lib/phusion_passenger/rack/request_handler.rb:91:in `process_request'
  passenger (2.2.3) lib/phusion_passenger/abstract_request_handler.rb:206:in `main_loop'
  passenger (2.2.3) lib/phusion_passenger/railz/application_spawner.rb:376:in `start_request_handler'
  passenger (2.2.3) lib/phusion_passenger/railz/application_spawner.rb:334:in `handle_spawn_application'
  passenger (2.2.3) lib/phusion_passenger/utils.rb:182:in `safe_fork'
  passenger (2.2.3) lib/phusion_passenger/railz/application_spawner.rb:332:in `handle_spawn_application'
  passenger (2.2.3) lib/phusion_passenger/abstract_server.rb:351:in `__send__'
  passenger (2.2.3) lib/phusion_passenger/abstract_server.rb:351:in `main_loop'
  passenger (2.2.3) lib/phusion_passenger/abstract_server.rb:195:in `start_synchronously'
  passenger (2.2.3) lib/phusion_passenger/abstract_server.rb:162:in `start'
  passenger (2.2.3) lib/phusion_passenger/railz/application_spawner.rb:213:in `start'
  passenger (2.2.3) lib/phusion_passenger/spawn_manager.rb:261:in `spawn_rails_application'
  passenger (2.2.3) lib/phusion_passenger/abstract_server_collection.rb:126:in `lookup_or_add'
  passenger (2.2.3) lib/phusion_passenger/spawn_manager.rb:255:in `spawn_rails_application'
  passenger (2.2.3) lib/phusion_passenger/abstract_server_collection.rb:80:in `synchronize'
  passenger (2.2.3) lib/phusion_passenger/abstract_server_collection.rb:79:in `synchronize'
  passenger (2.2.3) lib/phusion_passenger/spawn_manager.rb:254:in `spawn_rails_application'
  passenger (2.2.3) lib/phusion_passenger/spawn_manager.rb:153:in `spawn_application'
  passenger (2.2.3) lib/phusion_passenger/spawn_manager.rb:286:in `handle_spawn_application'
  passenger (2.2.3) lib/phusion_passenger/abstract_server.rb:351:in `__send__'
  passenger (2.2.3) lib/phusion_passenger/abstract_server.rb:351:in `main_loop'
  passenger (2.2.3) lib/phusion_passenger/abstract_server.rb:195:in `start_synchronously'

Rendered rescues/_trace (29.3ms)
Rendered rescues/_request_and_response (0.3ms)
Rendering rescues/layout (internal_server_error)
  [4;36;1mSQL (0.1ms)[0m   [0;1mSET SQL_AUTO_IS_NULL=0[0m


Processing ArticlesController#index (for 127.0.0.1 at 2009-08-05 11:12:54) [GET]
  [4;35;1mArticle Load (3.5ms)[0m   [0mSELECT * FROM `articles` [0m
Rendering template within layouts/application
Rendering articles/index
DEPRECATION WARNING: ActionController::Session::AbstractStore::SessionHash#session_id has been deprecated. Please use request.session_options[:id] instead.. (called from juggernaut at /Users/CRL00265/Documents/metal/vendor/plugins/juggernaut/lib/juggernaut_helper.rb:12)
Completed in 16ms (View: 7, DB: 4) | 200 OK [http://mm/articles]
  [4;36;1mSQL (0.1ms)[0m   [0;1mSET SQL_AUTO_IS_NULL=0[0m


Processing ArticlesController#index (for 127.0.0.1 at 2009-08-05 11:17:20) [GET]
  [4;35;1mArticle Load (0.3ms)[0m   [0mSELECT * FROM `articles` [0m
Rendering template within layouts/application
Rendering articles/index
DEPRECATION WARNING: ActionController::Session::AbstractStore::SessionHash#session_id has been deprecated. Please use request.session_options[:id] instead.. (called from juggernaut at /Users/CRL00265/Documents/metal/vendor/plugins/juggernaut/lib/juggernaut_helper.rb:12)
Completed in 7ms (View: 4, DB: 0) | 200 OK [http://mm/articles]
  [4;36;1mSQL (0.2ms)[0m   [0;1mSET SQL_AUTO_IS_NULL=0[0m


Processing ArticlesController#send_data (for 127.0.0.1 at 2009-08-05 11:17:26) [POST]
  Parameters: {"commit"=>"Add", "chat_input"=>"hello", "authenticity_token"=>"5o6kfEtG0e3rsWGW7j69uDW2yo4y1Y77cjXb1vt8qm4="}

NameError (undefined local variable or method `add_variables_to_assigns' for #<ArticlesController:0x22e80b8>):
  app/controllers/articles_controller.rb:46:in `send_data'
  passenger (2.2.3) lib/phusion_passenger/rack/request_handler.rb:91:in `process_request'
  passenger (2.2.3) lib/phusion_passenger/abstract_request_handler.rb:206:in `main_loop'
  passenger (2.2.3) lib/phusion_passenger/railz/application_spawner.rb:376:in `start_request_handler'
  passenger (2.2.3) lib/phusion_passenger/railz/application_spawner.rb:334:in `handle_spawn_application'
  passenger (2.2.3) lib/phusion_passenger/utils.rb:182:in `safe_fork'
  passenger (2.2.3) lib/phusion_passenger/railz/application_spawner.rb:332:in `handle_spawn_application'
  passenger (2.2.3) lib/phusion_passenger/abstract_server.rb:351:in `__send__'
  passenger (2.2.3) lib/phusion_passenger/abstract_server.rb:351:in `main_loop'
  passenger (2.2.3) lib/phusion_passenger/abstract_server.rb:195:in `start_synchronously'
  passenger (2.2.3) lib/phusion_passenger/abstract_server.rb:162:in `start'
  passenger (2.2.3) lib/phusion_passenger/railz/application_spawner.rb:213:in `start'
  passenger (2.2.3) lib/phusion_passenger/spawn_manager.rb:261:in `spawn_rails_application'
  passenger (2.2.3) lib/phusion_passenger/abstract_server_collection.rb:126:in `lookup_or_add'
  passenger (2.2.3) lib/phusion_passenger/spawn_manager.rb:255:in `spawn_rails_application'
  passenger (2.2.3) lib/phusion_passenger/abstract_server_collection.rb:80:in `synchronize'
  passenger (2.2.3) lib/phusion_passenger/abstract_server_collection.rb:79:in `synchronize'
  passenger (2.2.3) lib/phusion_passenger/spawn_manager.rb:254:in `spawn_rails_application'
  passenger (2.2.3) lib/phusion_passenger/spawn_manager.rb:153:in `spawn_application'
  passenger (2.2.3) lib/phusion_passenger/spawn_manager.rb:286:in `handle_spawn_application'
  passenger (2.2.3) lib/phusion_passenger/abstract_server.rb:351:in `__send__'
  passenger (2.2.3) lib/phusion_passenger/abstract_server.rb:351:in `main_loop'
  passenger (2.2.3) lib/phusion_passenger/abstract_server.rb:195:in `start_synchronously'

Rendered rescues/_trace (26.5ms)
Rendered rescues/_request_and_response (0.3ms)
Rendering rescues/layout (internal_server_error)
  [4;35;1mSQL (0.1ms)[0m   [0mSET SQL_AUTO_IS_NULL=0[0m


Processing ArticlesController#send_data (for 127.0.0.1 at 2009-08-05 11:17:30) [POST]
  Parameters: {"commit"=>"Add", "chat_input"=>"dwadwad", "authenticity_token"=>"5o6kfEtG0e3rsWGW7j69uDW2yo4y1Y77cjXb1vt8qm4="}

NameError (undefined local variable or method `add_variables_to_assigns' for #<ArticlesController:0x21babc8>):
  app/controllers/articles_controller.rb:46:in `send_data'
  passenger (2.2.3) lib/phusion_passenger/rack/request_handler.rb:91:in `process_request'
  passenger (2.2.3) lib/phusion_passenger/abstract_request_handler.rb:206:in `main_loop'
  passenger (2.2.3) lib/phusion_passenger/railz/application_spawner.rb:376:in `start_request_handler'
  passenger (2.2.3) lib/phusion_passenger/railz/application_spawner.rb:334:in `handle_spawn_application'
  passenger (2.2.3) lib/phusion_passenger/utils.rb:182:in `safe_fork'
  passenger (2.2.3) lib/phusion_passenger/railz/application_spawner.rb:332:in `handle_spawn_application'
  passenger (2.2.3) lib/phusion_passenger/abstract_server.rb:351:in `__send__'
  passenger (2.2.3) lib/phusion_passenger/abstract_server.rb:351:in `main_loop'
  passenger (2.2.3) lib/phusion_passenger/abstract_server.rb:195:in `start_synchronously'
  passenger (2.2.3) lib/phusion_passenger/abstract_server.rb:162:in `start'
  passenger (2.2.3) lib/phusion_passenger/railz/application_spawner.rb:213:in `start'
  passenger (2.2.3) lib/phusion_passenger/spawn_manager.rb:261:in `spawn_rails_application'
  passenger (2.2.3) lib/phusion_passenger/abstract_server_collection.rb:126:in `lookup_or_add'
  passenger (2.2.3) lib/phusion_passenger/spawn_manager.rb:255:in `spawn_rails_application'
  passenger (2.2.3) lib/phusion_passenger/abstract_server_collection.rb:80:in `synchronize'
  passenger (2.2.3) lib/phusion_passenger/abstract_server_collection.rb:79:in `synchronize'
  passenger (2.2.3) lib/phusion_passenger/spawn_manager.rb:254:in `spawn_rails_application'
  passenger (2.2.3) lib/phusion_passenger/spawn_manager.rb:153:in `spawn_application'
  passenger (2.2.3) lib/phusion_passenger/spawn_manager.rb:286:in `handle_spawn_application'
  passenger (2.2.3) lib/phusion_passenger/abstract_server.rb:351:in `__send__'
  passenger (2.2.3) lib/phusion_passenger/abstract_server.rb:351:in `main_loop'
  passenger (2.2.3) lib/phusion_passenger/abstract_server.rb:195:in `start_synchronously'

Rendered rescues/_trace (83.4ms)
Rendered rescues/_request_and_response (0.3ms)
Rendering rescues/layout (internal_server_error)
  [4;36;1mSQL (0.2ms)[0m   [0;1mSET SQL_AUTO_IS_NULL=0[0m


Processing ArticlesController#send_data (for 127.0.0.1 at 2009-08-05 11:17:31) [POST]
  Parameters: {"commit"=>"Add", "chat_input"=>"", "authenticity_token"=>"5o6kfEtG0e3rsWGW7j69uDW2yo4y1Y77cjXb1vt8qm4="}

NameError (undefined local variable or method `add_variables_to_assigns' for #<ArticlesController:0x24d3a08>):
  app/controllers/articles_controller.rb:46:in `send_data'
  passenger (2.2.3) lib/phusion_passenger/rack/request_handler.rb:91:in `process_request'
  passenger (2.2.3) lib/phusion_passenger/abstract_request_handler.rb:206:in `main_loop'
  passenger (2.2.3) lib/phusion_passenger/railz/application_spawner.rb:376:in `start_request_handler'
  passenger (2.2.3) lib/phusion_passenger/railz/application_spawner.rb:334:in `handle_spawn_application'
  passenger (2.2.3) lib/phusion_passenger/utils.rb:182:in `safe_fork'
  passenger (2.2.3) lib/phusion_passenger/railz/application_spawner.rb:332:in `handle_spawn_application'
  passenger (2.2.3) lib/phusion_passenger/abstract_server.rb:351:in `__send__'
  passenger (2.2.3) lib/phusion_passenger/abstract_server.rb:351:in `main_loop'
  passenger (2.2.3) lib/phusion_passenger/abstract_server.rb:195:in `start_synchronously'
  passenger (2.2.3) lib/phusion_passenger/abstract_server.rb:162:in `start'
  passenger (2.2.3) lib/phusion_passenger/railz/application_spawner.rb:213:in `start'
  passenger (2.2.3) lib/phusion_passenger/spawn_manager.rb:261:in `spawn_rails_application'
  passenger (2.2.3) lib/phusion_passenger/abstract_server_collection.rb:126:in `lookup_or_add'
  passenger (2.2.3) lib/phusion_passenger/spawn_manager.rb:255:in `spawn_rails_application'
  passenger (2.2.3) lib/phusion_passenger/abstract_server_collection.rb:80:in `synchronize'
  passenger (2.2.3) lib/phusion_passenger/abstract_server_collection.rb:79:in `synchronize'
  passenger (2.2.3) lib/phusion_passenger/spawn_manager.rb:254:in `spawn_rails_application'
  passenger (2.2.3) lib/phusion_passenger/spawn_manager.rb:153:in `spawn_application'
  passenger (2.2.3) lib/phusion_passenger/spawn_manager.rb:286:in `handle_spawn_application'
  passenger (2.2.3) lib/phusion_passenger/abstract_server.rb:351:in `__send__'
  passenger (2.2.3) lib/phusion_passenger/abstract_server.rb:351:in `main_loop'
  passenger (2.2.3) lib/phusion_passenger/abstract_server.rb:195:in `start_synchronously'

Rendered rescues/_trace (26.7ms)
Rendered rescues/_request_and_response (0.3ms)
Rendering rescues/layout (internal_server_error)
  [4;35;1mSQL (0.1ms)[0m   [0mSET SQL_AUTO_IS_NULL=0[0m


Processing ArticlesController#send_data (for 127.0.0.1 at 2009-08-05 11:18:17) [POST]
  Parameters: {"commit"=>"Add", "chat_input"=>"dawdawdawd", "authenticity_token"=>"5o6kfEtG0e3rsWGW7j69uDW2yo4y1Y77cjXb1vt8qm4="}

NameError (undefined local variable or method `add_variables_to_assigns' for #<ArticlesController:0x230dc00>):
  app/controllers/articles_controller.rb:46:in `send_data'
  passenger (2.2.3) lib/phusion_passenger/rack/request_handler.rb:91:in `process_request'
  passenger (2.2.3) lib/phusion_passenger/abstract_request_handler.rb:206:in `main_loop'
  passenger (2.2.3) lib/phusion_passenger/railz/application_spawner.rb:376:in `start_request_handler'
  passenger (2.2.3) lib/phusion_passenger/railz/application_spawner.rb:334:in `handle_spawn_application'
  passenger (2.2.3) lib/phusion_passenger/utils.rb:182:in `safe_fork'
  passenger (2.2.3) lib/phusion_passenger/railz/application_spawner.rb:332:in `handle_spawn_application'
  passenger (2.2.3) lib/phusion_passenger/abstract_server.rb:351:in `__send__'
  passenger (2.2.3) lib/phusion_passenger/abstract_server.rb:351:in `main_loop'
  passenger (2.2.3) lib/phusion_passenger/abstract_server.rb:195:in `start_synchronously'
  passenger (2.2.3) lib/phusion_passenger/abstract_server.rb:162:in `start'
  passenger (2.2.3) lib/phusion_passenger/railz/application_spawner.rb:213:in `start'
  passenger (2.2.3) lib/phusion_passenger/spawn_manager.rb:261:in `spawn_rails_application'
  passenger (2.2.3) lib/phusion_passenger/abstract_server_collection.rb:126:in `lookup_or_add'
  passenger (2.2.3) lib/phusion_passenger/spawn_manager.rb:255:in `spawn_rails_application'
  passenger (2.2.3) lib/phusion_passenger/abstract_server_collection.rb:80:in `synchronize'
  passenger (2.2.3) lib/phusion_passenger/abstract_server_collection.rb:79:in `synchronize'
  passenger (2.2.3) lib/phusion_passenger/spawn_manager.rb:254:in `spawn_rails_application'
  passenger (2.2.3) lib/phusion_passenger/spawn_manager.rb:153:in `spawn_application'
  passenger (2.2.3) lib/phusion_passenger/spawn_manager.rb:286:in `handle_spawn_application'
  passenger (2.2.3) lib/phusion_passenger/abstract_server.rb:351:in `__send__'
  passenger (2.2.3) lib/phusion_passenger/abstract_server.rb:351:in `main_loop'
  passenger (2.2.3) lib/phusion_passenger/abstract_server.rb:195:in `start_synchronously'

Rendered rescues/_trace (28.6ms)
Rendered rescues/_request_and_response (0.4ms)
Rendering rescues/layout (internal_server_error)
  [4;36;1mSQL (0.2ms)[0m   [0;1mSET SQL_AUTO_IS_NULL=0[0m


Processing ArticlesController#index (for 127.0.0.1 at 2009-08-05 11:20:41) [GET]
  [4;35;1mArticle Load (0.3ms)[0m   [0mSELECT * FROM `articles` [0m
Rendering template within layouts/application
Rendering articles/index
DEPRECATION WARNING: ActionController::Session::AbstractStore::SessionHash#session_id has been deprecated. Please use request.session_options[:id] instead.. (called from juggernaut at /Users/CRL00265/Documents/metal/vendor/plugins/juggernaut/lib/juggernaut_helper.rb:12)
Completed in 6ms (View: 2, DB: 0) | 200 OK [http://mm/articles]
  [4;36;1mSQL (0.1ms)[0m   [0;1mSET SQL_AUTO_IS_NULL=0[0m


Processing ArticlesController#send_data (for 127.0.0.1 at 2009-08-05 11:20:45) [POST]
  Parameters: {"commit"=>"Add", "chat_input"=>"fe", "authenticity_token"=>"5o6kfEtG0e3rsWGW7j69uDW2yo4y1Y77cjXb1vt8qm4="}

NameError (undefined local variable or method `add_variables_to_assigns' for #<ArticlesController:0x219ad8c>):
  app/controllers/articles_controller.rb:46:in `send_data'
  passenger (2.2.3) lib/phusion_passenger/rack/request_handler.rb:91:in `process_request'
  passenger (2.2.3) lib/phusion_passenger/abstract_request_handler.rb:206:in `main_loop'
  passenger (2.2.3) lib/phusion_passenger/railz/application_spawner.rb:376:in `start_request_handler'
  passenger (2.2.3) lib/phusion_passenger/railz/application_spawner.rb:334:in `handle_spawn_application'
  passenger (2.2.3) lib/phusion_passenger/utils.rb:182:in `safe_fork'
  passenger (2.2.3) lib/phusion_passenger/railz/application_spawner.rb:332:in `handle_spawn_application'
  passenger (2.2.3) lib/phusion_passenger/abstract_server.rb:351:in `__send__'
  passenger (2.2.3) lib/phusion_passenger/abstract_server.rb:351:in `main_loop'
  passenger (2.2.3) lib/phusion_passenger/abstract_server.rb:195:in `start_synchronously'
  passenger (2.2.3) lib/phusion_passenger/abstract_server.rb:162:in `start'
  passenger (2.2.3) lib/phusion_passenger/railz/application_spawner.rb:213:in `start'
  passenger (2.2.3) lib/phusion_passenger/spawn_manager.rb:261:in `spawn_rails_application'
  passenger (2.2.3) lib/phusion_passenger/abstract_server_collection.rb:126:in `lookup_or_add'
  passenger (2.2.3) lib/phusion_passenger/spawn_manager.rb:255:in `spawn_rails_application'
  passenger (2.2.3) lib/phusion_passenger/abstract_server_collection.rb:80:in `synchronize'
  passenger (2.2.3) lib/phusion_passenger/abstract_server_collection.rb:79:in `synchronize'
  passenger (2.2.3) lib/phusion_passenger/spawn_manager.rb:254:in `spawn_rails_application'
  passenger (2.2.3) lib/phusion_passenger/spawn_manager.rb:153:in `spawn_application'
  passenger (2.2.3) lib/phusion_passenger/spawn_manager.rb:286:in `handle_spawn_application'
  passenger (2.2.3) lib/phusion_passenger/abstract_server.rb:351:in `__send__'
  passenger (2.2.3) lib/phusion_passenger/abstract_server.rb:351:in `main_loop'
  passenger (2.2.3) lib/phusion_passenger/abstract_server.rb:195:in `start_synchronously'

Rendered rescues/_trace (83.0ms)
Rendered rescues/_request_and_response (0.3ms)
Rendering rescues/layout (internal_server_error)
  [4;35;1mSQL (0.1ms)[0m   [0mSET SQL_AUTO_IS_NULL=0[0m


Processing ArticlesController#send_data (for 127.0.0.1 at 2009-08-05 11:20:46) [POST]
  Parameters: {"commit"=>"Add", "chat_input"=>"", "authenticity_token"=>"5o6kfEtG0e3rsWGW7j69uDW2yo4y1Y77cjXb1vt8qm4="}

NameError (undefined local variable or method `add_variables_to_assigns' for #<ArticlesController:0x2484160>):
  app/controllers/articles_controller.rb:46:in `send_data'
  passenger (2.2.3) lib/phusion_passenger/rack/request_handler.rb:91:in `process_request'
  passenger (2.2.3) lib/phusion_passenger/abstract_request_handler.rb:206:in `main_loop'
  passenger (2.2.3) lib/phusion_passenger/railz/application_spawner.rb:376:in `start_request_handler'
  passenger (2.2.3) lib/phusion_passenger/railz/application_spawner.rb:334:in `handle_spawn_application'
  passenger (2.2.3) lib/phusion_passenger/utils.rb:182:in `safe_fork'
  passenger (2.2.3) lib/phusion_passenger/railz/application_spawner.rb:332:in `handle_spawn_application'
  passenger (2.2.3) lib/phusion_passenger/abstract_server.rb:351:in `__send__'
  passenger (2.2.3) lib/phusion_passenger/abstract_server.rb:351:in `main_loop'
  passenger (2.2.3) lib/phusion_passenger/abstract_server.rb:195:in `start_synchronously'
  passenger (2.2.3) lib/phusion_passenger/abstract_server.rb:162:in `start'
  passenger (2.2.3) lib/phusion_passenger/railz/application_spawner.rb:213:in `start'
  passenger (2.2.3) lib/phusion_passenger/spawn_manager.rb:261:in `spawn_rails_application'
  passenger (2.2.3) lib/phusion_passenger/abstract_server_collection.rb:126:in `lookup_or_add'
  passenger (2.2.3) lib/phusion_passenger/spawn_manager.rb:255:in `spawn_rails_application'
  passenger (2.2.3) lib/phusion_passenger/abstract_server_collection.rb:80:in `synchronize'
  passenger (2.2.3) lib/phusion_passenger/abstract_server_collection.rb:79:in `synchronize'
  passenger (2.2.3) lib/phusion_passenger/spawn_manager.rb:254:in `spawn_rails_application'
  passenger (2.2.3) lib/phusion_passenger/spawn_manager.rb:153:in `spawn_application'
  passenger (2.2.3) lib/phusion_passenger/spawn_manager.rb:286:in `handle_spawn_application'
  passenger (2.2.3) lib/phusion_passenger/abstract_server.rb:351:in `__send__'
  passenger (2.2.3) lib/phusion_passenger/abstract_server.rb:351:in `main_loop'
  passenger (2.2.3) lib/phusion_passenger/abstract_server.rb:195:in `start_synchronously'

Rendered rescues/_trace (26.8ms)
Rendered rescues/_request_and_response (0.3ms)
Rendering rescues/layout (internal_server_error)
  [4;36;1mSQL (0.2ms)[0m   [0;1mSET SQL_AUTO_IS_NULL=0[0m


Processing ArticlesController#index (for 127.0.0.1 at 2009-08-05 11:24:53) [GET]
  [4;35;1mArticle Load (0.4ms)[0m   [0mSELECT * FROM `articles` [0m
Rendering template within layouts/application
Rendering articles/index
Completed in 21ms (View: 16, DB: 1) | 200 OK [http://mm/articles]
  [4;36;1mSQL (0.1ms)[0m   [0;1mSET SQL_AUTO_IS_NULL=0[0m


Processing ArticlesController#send_data (for 127.0.0.1 at 2009-08-05 11:24:56) [POST]
  Parameters: {"commit"=>"Add", "chat_input"=>"dwadw", "authenticity_token"=>"5o6kfEtG0e3rsWGW7j69uDW2yo4y1Y77cjXb1vt8qm4="}

NameError (undefined local variable or method `name' for #<ActionView::Base:0x23ec4f0>):
  app/controllers/articles_controller.rb:52:in `__instance_exec0'
  app/controllers/articles_controller.rb:46:in `send_data'
  passenger (2.2.3) lib/phusion_passenger/rack/request_handler.rb:91:in `process_request'
  passenger (2.2.3) lib/phusion_passenger/abstract_request_handler.rb:206:in `main_loop'
  passenger (2.2.3) lib/phusion_passenger/railz/application_spawner.rb:376:in `start_request_handler'
  passenger (2.2.3) lib/phusion_passenger/railz/application_spawner.rb:334:in `handle_spawn_application'
  passenger (2.2.3) lib/phusion_passenger/utils.rb:182:in `safe_fork'
  passenger (2.2.3) lib/phusion_passenger/railz/application_spawner.rb:332:in `handle_spawn_application'
  passenger (2.2.3) lib/phusion_passenger/abstract_server.rb:351:in `__send__'
  passenger (2.2.3) lib/phusion_passenger/abstract_server.rb:351:in `main_loop'
  passenger (2.2.3) lib/phusion_passenger/abstract_server.rb:195:in `start_synchronously'
  passenger (2.2.3) lib/phusion_passenger/abstract_server.rb:162:in `start'
  passenger (2.2.3) lib/phusion_passenger/railz/application_spawner.rb:213:in `start'
  passenger (2.2.3) lib/phusion_passenger/spawn_manager.rb:261:in `spawn_rails_application'
  passenger (2.2.3) lib/phusion_passenger/abstract_server_collection.rb:126:in `lookup_or_add'
  passenger (2.2.3) lib/phusion_passenger/spawn_manager.rb:255:in `spawn_rails_application'
  passenger (2.2.3) lib/phusion_passenger/abstract_server_collection.rb:80:in `synchronize'
  passenger (2.2.3) lib/phusion_passenger/abstract_server_collection.rb:79:in `synchronize'
  passenger (2.2.3) lib/phusion_passenger/spawn_manager.rb:254:in `spawn_rails_application'
  passenger (2.2.3) lib/phusion_passenger/spawn_manager.rb:153:in `spawn_application'
  passenger (2.2.3) lib/phusion_passenger/spawn_manager.rb:286:in `handle_spawn_application'
  passenger (2.2.3) lib/phusion_passenger/abstract_server.rb:351:in `__send__'
  passenger (2.2.3) lib/phusion_passenger/abstract_server.rb:351:in `main_loop'
  passenger (2.2.3) lib/phusion_passenger/abstract_server.rb:195:in `start_synchronously'

Rendered rescues/_trace (41.8ms)
Rendered rescues/_request_and_response (1.6ms)
Rendering rescues/layout (internal_server_error)
  [4;35;1mSQL (0.1ms)[0m   [0mSET SQL_AUTO_IS_NULL=0[0m


Processing ArticlesController#index (for 127.0.0.1 at 2009-08-05 11:25:19) [GET]
  [4;36;1mArticle Load (0.3ms)[0m   [0;1mSELECT * FROM `articles` [0m
Rendering template within layouts/application
Rendering articles/index
Completed in 7ms (View: 3, DB: 0) | 200 OK [http://mm/articles]
  [4;35;1mSQL (0.2ms)[0m   [0mSET SQL_AUTO_IS_NULL=0[0m


Processing ArticlesController#send_data (for 127.0.0.1 at 2009-08-05 11:25:22) [POST]
  Parameters: {"commit"=>"Add", "chat_input"=>"dwadawd", "authenticity_token"=>"5o6kfEtG0e3rsWGW7j69uDW2yo4y1Y77cjXb1vt8qm4="}
Completed in 3ms (View: 1, DB: 0) | 200 OK [http://mm/articles/send_data]
  [4;36;1mSQL (0.1ms)[0m   [0;1mSET SQL_AUTO_IS_NULL=0[0m


Processing ArticlesController#send_data (for 127.0.0.1 at 2009-08-05 11:25:35) [POST]
  Parameters: {"commit"=>"Add", "chat_input"=>"dwadwa", "authenticity_token"=>"5o6kfEtG0e3rsWGW7j69uDW2yo4y1Y77cjXb1vt8qm4="}
Completed in 3ms (View: 1, DB: 0) | 200 OK [http://mm/articles/send_data]
  [4;35;1mSQL (0.1ms)[0m   [0mSET SQL_AUTO_IS_NULL=0[0m


Processing ArticlesController#send_data (for 127.0.0.1 at 2009-08-05 11:25:37) [POST]
  Parameters: {"commit"=>"Add", "chat_input"=>"dwadawddawd", "authenticity_token"=>"5o6kfEtG0e3rsWGW7j69uDW2yo4y1Y77cjXb1vt8qm4="}
Completed in 3ms (View: 1, DB: 0) | 200 OK [http://mm/articles/send_data]
  [4;36;1mSQL (0.1ms)[0m   [0;1mSET SQL_AUTO_IS_NULL=0[0m


Processing ArticlesController#index (for 127.0.0.1 at 2009-08-05 11:27:50) [GET]
  [4;35;1mArticle Load (0.3ms)[0m   [0mSELECT * FROM `articles` [0m
Rendering template within layouts/application
Rendering articles/index
Completed in 6ms (View: 3, DB: 0) | 200 OK [http://mm/articles]
  [4;36;1mSQL (0.1ms)[0m   [0;1mSET SQL_AUTO_IS_NULL=0[0m


Processing ArticlesController#index (for 127.0.0.1 at 2009-08-05 11:31:47) [GET]
  [4;35;1mArticle Load (0.3ms)[0m   [0mSELECT * FROM `articles` [0m
Rendering template within layouts/application
Rendering articles/index
Completed in 6ms (View: 3, DB: 0) | 200 OK [http://mm/articles]
  [4;36;1mSQL (0.1ms)[0m   [0;1mSET SQL_AUTO_IS_NULL=0[0m


Processing ArticlesController#send_data (for 127.0.0.1 at 2009-08-05 11:31:50) [POST]
  Parameters: {"commit"=>"Add", "chat_input"=>"dadawd", "authenticity_token"=>"5o6kfEtG0e3rsWGW7j69uDW2yo4y1Y77cjXb1vt8qm4="}
Completed in 3ms (View: 1, DB: 0) | 200 OK [http://mm/articles/send_data]
  [4;35;1mSQL (0.1ms)[0m   [0mSET SQL_AUTO_IS_NULL=0[0m


Processing ArticlesController#send_data (for 127.0.0.1 at 2009-08-05 11:31:51) [POST]
  Parameters: {"commit"=>"Add", "chat_input"=>"dawdwada", "authenticity_token"=>"5o6kfEtG0e3rsWGW7j69uDW2yo4y1Y77cjXb1vt8qm4="}
Completed in 3ms (View: 1, DB: 0) | 200 OK [http://mm/articles/send_data]
  [4;36;1mSQL (0.2ms)[0m   [0;1mSET SQL_AUTO_IS_NULL=0[0m


Processing ArticlesController#send_data (for 127.0.0.1 at 2009-08-05 11:32:42) [POST]
  Parameters: {"commit"=>"Add", "chat_input"=>"efsf", "authenticity_token"=>"5o6kfEtG0e3rsWGW7j69uDW2yo4y1Y77cjXb1vt8qm4="}
Completed in 3ms (View: 1, DB: 0) | 200 OK [http://mm/articles/send_data]
  [4;35;1mSQL (0.2ms)[0m   [0mSET SQL_AUTO_IS_NULL=0[0m


Processing ArticlesController#index (for 127.0.0.1 at 2009-08-05 11:38:09) [GET]
  [4;36;1mArticle Load (0.3ms)[0m   [0;1mSELECT * FROM `articles` [0m
Rendering template within layouts/application
Rendering articles/index
Completed in 6ms (View: 2, DB: 0) | 200 OK [http://mm/articles]
  [4;35;1mSQL (0.2ms)[0m   [0mSET SQL_AUTO_IS_NULL=0[0m


Processing ArticlesController#send_data (for 127.0.0.1 at 2009-08-05 11:38:12) [POST]
  Parameters: {"commit"=>"Add", "chat_input"=>"daw", "authenticity_token"=>"5o6kfEtG0e3rsWGW7j69uDW2yo4y1Y77cjXb1vt8qm4="}
Completed in 3ms (View: 1, DB: 0) | 200 OK [http://mm/articles/send_data]
  [4;36;1mSQL (0.1ms)[0m   [0;1mSET SQL_AUTO_IS_NULL=0[0m


Processing ArticlesController#index (for 127.0.0.1 at 2009-08-05 11:39:30) [GET]
  [4;35;1mArticle Load (0.3ms)[0m   [0mSELECT * FROM `articles` [0m
Rendering template within layouts/application
Rendering articles/index
Completed in 6ms (View: 3, DB: 0) | 200 OK [http://mm/articles]
  [4;36;1mSQL (0.1ms)[0m   [0;1mSET SQL_AUTO_IS_NULL=0[0m


Processing ArticlesController#send_data (for 127.0.0.1 at 2009-08-05 11:39:33) [POST]
  Parameters: {"commit"=>"Add", "chat_input"=>"wdaw", "authenticity_token"=>"5o6kfEtG0e3rsWGW7j69uDW2yo4y1Y77cjXb1vt8qm4="}
Completed in 3ms (View: 1, DB: 0) | 200 OK [http://mm/articles/send_data]
  [4;35;1mSQL (0.1ms)[0m   [0mSET SQL_AUTO_IS_NULL=0[0m


Processing ArticlesController#send_data (for 127.0.0.1 at 2009-08-05 11:39:34) [POST]
  Parameters: {"commit"=>"Add", "chat_input"=>"", "authenticity_token"=>"5o6kfEtG0e3rsWGW7j69uDW2yo4y1Y77cjXb1vt8qm4="}
Completed in 3ms (View: 1, DB: 0) | 200 OK [http://mm/articles/send_data]
  [4;36;1mSQL (0.2ms)[0m   [0;1mSET SQL_AUTO_IS_NULL=0[0m


Processing ArticlesController#send_data (for 127.0.0.1 at 2009-08-05 11:39:34) [POST]
  Parameters: {"commit"=>"Add", "chat_input"=>"", "authenticity_token"=>"5o6kfEtG0e3rsWGW7j69uDW2yo4y1Y77cjXb1vt8qm4="}
Completed in 4ms (View: 1, DB: 0) | 200 OK [http://mm/articles/send_data]
  [4;35;1mSQL (0.1ms)[0m   [0mSET SQL_AUTO_IS_NULL=0[0m


Processing ArticlesController#send_data (for 127.0.0.1 at 2009-08-05 11:39:35) [POST]
  Parameters: {"commit"=>"Add", "chat_input"=>"", "authenticity_token"=>"5o6kfEtG0e3rsWGW7j69uDW2yo4y1Y77cjXb1vt8qm4="}
Completed in 3ms (View: 1, DB: 0) | 200 OK [http://mm/articles/send_data]
  [4;36;1mSQL (0.2ms)[0m   [0;1mSET SQL_AUTO_IS_NULL=0[0m


Processing ArticlesController#index (for 127.0.0.1 at 2009-08-05 11:39:45) [GET]
  [4;35;1mArticle Load (0.4ms)[0m   [0mSELECT * FROM `articles` [0m
Rendering template within layouts/application
Rendering articles/index
Completed in 71ms (View: 66, DB: 1) | 200 OK [http://mm/articles]
  [4;36;1mSQL (0.1ms)[0m   [0;1mSET SQL_AUTO_IS_NULL=0[0m


Processing ArticlesController#send_data (for 127.0.0.1 at 2009-08-05 11:39:48) [POST]
  Parameters: {"commit"=>"Add", "chat_input"=>"adwdad", "authenticity_token"=>"5o6kfEtG0e3rsWGW7j69uDW2yo4y1Y77cjXb1vt8qm4="}
Completed in 3ms (View: 1, DB: 0) | 200 OK [http://mm/articles/send_data]
  [4;35;1mSQL (0.1ms)[0m   [0mSET SQL_AUTO_IS_NULL=0[0m


Processing ArticlesController#send_data (for 127.0.0.1 at 2009-08-05 11:39:49) [POST]
  Parameters: {"commit"=>"Add", "chat_input"=>"", "authenticity_token"=>"5o6kfEtG0e3rsWGW7j69uDW2yo4y1Y77cjXb1vt8qm4="}
Completed in 3ms (View: 1, DB: 0) | 200 OK [http://mm/articles/send_data]
  [4;36;1mSQL (0.1ms)[0m   [0;1mSET SQL_AUTO_IS_NULL=0[0m


Processing ArticlesController#index (for 127.0.0.1 at 2009-08-05 11:41:18) [GET]
  [4;35;1mArticle Load (0.3ms)[0m   [0mSELECT * FROM `articles` [0m
Rendering template within layouts/application
Rendering articles/index
Completed in 7ms (View: 3, DB: 0) | 200 OK [http://mm/articles]
  [4;36;1mSQL (0.1ms)[0m   [0;1mSET SQL_AUTO_IS_NULL=0[0m


Processing ArticlesController#index (for 127.0.0.1 at 2009-08-05 11:41:31) [GET]
  [4;35;1mArticle Load (0.3ms)[0m   [0mSELECT * FROM `articles` [0m
Rendering template within layouts/application
Rendering articles/index
Completed in 7ms (View: 3, DB: 0) | 200 OK [http://mm/articles]
  [4;36;1mSQL (0.1ms)[0m   [0;1mSET SQL_AUTO_IS_NULL=0[0m


Processing ArticlesController#send_data (for 127.0.0.1 at 2009-08-05 11:41:34) [POST]
  Parameters: {"commit"=>"Add", "chat_input"=>"awdadw", "authenticity_token"=>"5o6kfEtG0e3rsWGW7j69uDW2yo4y1Y77cjXb1vt8qm4="}
Completed in 3ms (View: 1, DB: 0) | 200 OK [http://mm/articles/send_data]
  [4;36;1mSQL (0.2ms)[0m   [0;1mSET SQL_AUTO_IS_NULL=0[0m


Processing ArticlesController#index (for 127.0.0.1 at 2009-08-05 12:31:06) [GET]
  [4;35;1mArticle Load (0.4ms)[0m   [0mSELECT * FROM `articles` [0m
Rendering template within layouts/application
Rendering articles/index
Completed in 20ms (View: 15, DB: 1) | 200 OK [http://mm/articles]
  [4;36;1mSQL (0.2ms)[0m   [0;1mSET SQL_AUTO_IS_NULL=0[0m


Processing ArticlesController#index (for 127.0.0.1 at 2009-08-05 13:12:01) [GET]
  [4;35;1mArticle Load (0.3ms)[0m   [0mSELECT * FROM `articles` [0m
Rendering template within layouts/application
Rendering articles/index
Completed in 21ms (View: 16, DB: 1) | 200 OK [http://mm/articles]
  [4;36;1mSQL (0.4ms)[0m   [0;1mSET SQL_AUTO_IS_NULL=0[0m


Processing ArticlesController#send_data (for 127.0.0.1 at 2009-08-05 13:12:04) [POST]
  Parameters: {"commit"=>"Add", "chat_input"=>"dawddadd", "authenticity_token"=>"5o6kfEtG0e3rsWGW7j69uDW2yo4y1Y77cjXb1vt8qm4="}
Completed in 3ms (View: 1, DB: 0) | 200 OK [http://mm/articles/send_data]
  [4;35;1mSQL (0.1ms)[0m   [0mSET SQL_AUTO_IS_NULL=0[0m


Processing ArticlesController#send_data (for 127.0.0.1 at 2009-08-05 13:12:04) [POST]
  Parameters: {"commit"=>"Add", "chat_input"=>"", "authenticity_token"=>"5o6kfEtG0e3rsWGW7j69uDW2yo4y1Y77cjXb1vt8qm4="}
Completed in 4ms (View: 1, DB: 0) | 200 OK [http://mm/articles/send_data]
  [4;36;1mSQL (0.1ms)[0m   [0;1mSET SQL_AUTO_IS_NULL=0[0m


Processing ArticlesController#send_data (for 127.0.0.1 at 2009-08-05 13:12:05) [POST]
  Parameters: {"commit"=>"Add", "chat_input"=>"", "authenticity_token"=>"5o6kfEtG0e3rsWGW7j69uDW2yo4y1Y77cjXb1vt8qm4="}
Completed in 3ms (View: 1, DB: 0) | 200 OK [http://mm/articles/send_data]
  [4;35;1mSQL (0.1ms)[0m   [0mSET SQL_AUTO_IS_NULL=0[0m


Processing ArticlesController#send_data (for 127.0.0.1 at 2009-08-05 13:12:05) [POST]
  Parameters: {"commit"=>"Add", "chat_input"=>"", "authenticity_token"=>"5o6kfEtG0e3rsWGW7j69uDW2yo4y1Y77cjXb1vt8qm4="}
Completed in 3ms (View: 1, DB: 0) | 200 OK [http://mm/articles/send_data]
  [4;36;1mSQL (0.1ms)[0m   [0;1mSET SQL_AUTO_IS_NULL=0[0m


Processing ArticlesController#send_data (for 127.0.0.1 at 2009-08-05 13:12:05) [POST]
  Parameters: {"commit"=>"Add", "chat_input"=>"", "authenticity_token"=>"5o6kfEtG0e3rsWGW7j69uDW2yo4y1Y77cjXb1vt8qm4="}
Completed in 4ms (View: 1, DB: 0) | 200 OK [http://mm/articles/send_data]
  [4;35;1mSQL (0.1ms)[0m   [0mSET SQL_AUTO_IS_NULL=0[0m


Processing ArticlesController#send_data (for 127.0.0.1 at 2009-08-05 13:12:09) [POST]
  Parameters: {"commit"=>"Add", "chat_input"=>"dawdwadawdawdwadawdawdwadawdwdawdw55555", "authenticity_token"=>"5o6kfEtG0e3rsWGW7j69uDW2yo4y1Y77cjXb1vt8qm4="}
Completed in 4ms (View: 1, DB: 0) | 200 OK [http://mm/articles/send_data]
  [4;36;1mSQL (0.1ms)[0m   [0;1mSET SQL_AUTO_IS_NULL=0[0m


Processing ArticlesController#index (for 127.0.0.1 at 2009-08-05 13:12:58) [GET]
  [4;35;1mArticle Load (0.3ms)[0m   [0mSELECT * FROM `articles` [0m
Rendering template within layouts/application
Rendering articles/index
Completed in 11ms (View: 7, DB: 0) | 200 OK [http://mm/articles]
  [4;36;1mSQL (0.1ms)[0m   [0;1mSET SQL_AUTO_IS_NULL=0[0m


Processing ArticlesController#index (for 127.0.0.1 at 2009-08-05 13:14:36) [GET]
  [4;35;1mArticle Load (0.3ms)[0m   [0mSELECT * FROM `articles` [0m
Rendering template within layouts/application
Rendering articles/index
Completed in 7ms (View: 3, DB: 0) | 200 OK [http://mm/articles]
  [4;36;1mSQL (0.2ms)[0m   [0;1mSET SQL_AUTO_IS_NULL=0[0m


Processing ArticlesController#send_data (for 127.0.0.1 at 2009-08-05 13:14:41) [POST]
  Parameters: {"commit"=>"Add", "chat_input"=>"dawd", "authenticity_token"=>"5o6kfEtG0e3rsWGW7j69uDW2yo4y1Y77cjXb1vt8qm4="}
Completed in 3ms (View: 1, DB: 0) | 200 OK [http://mm/articles/send_data]
  [4;35;1mSQL (0.2ms)[0m   [0mSET SQL_AUTO_IS_NULL=0[0m


Processing ArticlesController#send_data (for 127.0.0.1 at 2009-08-05 13:14:51) [POST]
  Parameters: {"commit"=>"Add", "chat_input"=>"DUDE", "authenticity_token"=>"5o6kfEtG0e3rsWGW7j69uDW2yo4y1Y77cjXb1vt8qm4="}
Completed in 4ms (View: 1, DB: 0) | 200 OK [http://mm/articles/send_data]
  [4;36;1mSQL (0.2ms)[0m   [0;1mSET SQL_AUTO_IS_NULL=0[0m


Processing ArticlesController#send_data (for 127.0.0.1 at 2009-08-05 13:14:53) [POST]
  Parameters: {"commit"=>"Add", "chat_input"=>"HI", "authenticity_token"=>"5o6kfEtG0e3rsWGW7j69uDW2yo4y1Y77cjXb1vt8qm4="}
Completed in 6ms (View: 2, DB: 0) | 200 OK [http://mm/articles/send_data]
  [4;35;1mSQL (0.2ms)[0m   [0mSET SQL_AUTO_IS_NULL=0[0m


Processing ArticlesController#send_data (for 127.0.0.1 at 2009-08-05 13:14:55) [POST]
  Parameters: {"commit"=>"Add", "chat_input"=>"HELLO", "authenticity_token"=>"5o6kfEtG0e3rsWGW7j69uDW2yo4y1Y77cjXb1vt8qm4="}
Completed in 3ms (View: 1, DB: 0) | 200 OK [http://mm/articles/send_data]
  [4;36;1mSQL (0.2ms)[0m   [0;1mSET SQL_AUTO_IS_NULL=0[0m


Processing ArticlesController#index (for 127.0.0.1 at 2009-08-05 13:15:24) [GET]
  [4;35;1mArticle Load (0.3ms)[0m   [0mSELECT * FROM `articles` [0m
Rendering template within layouts/application
Rendering articles/index
Completed in 49ms (View: 45, DB: 0) | 200 OK [http://mm/articles]
  [4;36;1mSQL (0.1ms)[0m   [0;1mSET SQL_AUTO_IS_NULL=0[0m


Processing ArticlesController#send_data (for 127.0.0.1 at 2009-08-05 13:15:27) [POST]
  Parameters: {"commit"=>"Add", "chat_input"=>"dwa", "authenticity_token"=>"f5w9bgTc6rulx6D6L+7aPHo2OiM2UD+PBTs2Gqws92c=", "_"=>""}
Completed in 3ms (View: 1, DB: 0) | 200 OK [http://mm/articles/send_data]
  [4;35;1mSQL (0.2ms)[0m   [0mSET SQL_AUTO_IS_NULL=0[0m


Processing ArticlesController#send_data (for 127.0.0.1 at 2009-08-05 13:15:30) [POST]
  Parameters: {"commit"=>"Add", "chat_input"=>"dwadawd", "authenticity_token"=>"f5w9bgTc6rulx6D6L+7aPHo2OiM2UD+PBTs2Gqws92c=", "_"=>""}
Completed in 5ms (View: 1, DB: 0) | 200 OK [http://mm/articles/send_data]
  [4;36;1mSQL (0.2ms)[0m   [0;1mSET SQL_AUTO_IS_NULL=0[0m


Processing ArticlesController#send_data (for 127.0.0.1 at 2009-08-05 13:15:35) [POST]
  Parameters: {"commit"=>"Add", "chat_input"=>"ddddddd", "authenticity_token"=>"5o6kfEtG0e3rsWGW7j69uDW2yo4y1Y77cjXb1vt8qm4="}
Completed in 5ms (View: 1, DB: 0) | 200 OK [http://mm/articles/send_data]
  [4;35;1mSQL (0.2ms)[0m   [0mSET SQL_AUTO_IS_NULL=0[0m


Processing ArticlesController#send_data (for 127.0.0.1 at 2009-08-05 13:15:39) [POST]
  Parameters: {"commit"=>"Add", "chat_input"=>"HI DUDE", "authenticity_token"=>"f5w9bgTc6rulx6D6L+7aPHo2OiM2UD+PBTs2Gqws92c=", "_"=>""}
Completed in 4ms (View: 1, DB: 0) | 200 OK [http://mm/articles/send_data]
  [4;36;1mSQL (0.1ms)[0m   [0;1mSET SQL_AUTO_IS_NULL=0[0m


Processing ArticlesController#index (for 127.0.0.1 at 2009-08-05 13:15:55) [GET]
  [4;35;1mArticle Load (0.3ms)[0m   [0mSELECT * FROM `articles` [0m
Rendering template within layouts/application
Rendering articles/index
Completed in 6ms (View: 2, DB: 0) | 200 OK [http://mm/articles]
  [4;36;1mSQL (0.1ms)[0m   [0;1mSET SQL_AUTO_IS_NULL=0[0m


Processing ArticlesController#send_data (for 127.0.0.1 at 2009-08-05 13:15:59) [POST]
  Parameters: {"commit"=>"Add", "chat_input"=>"goose", "authenticity_token"=>"5o6kfEtG0e3rsWGW7j69uDW2yo4y1Y77cjXb1vt8qm4="}
Completed in 3ms (View: 1, DB: 0) | 200 OK [http://mm/articles/send_data]
  [4;35;1mSQL (0.1ms)[0m   [0mSET SQL_AUTO_IS_NULL=0[0m


Processing ArticlesController#send_data (for 127.0.0.1 at 2009-08-05 13:16:03) [POST]
  Parameters: {"commit"=>"Add", "chat_input"=>"da", "authenticity_token"=>"5o6kfEtG0e3rsWGW7j69uDW2yo4y1Y77cjXb1vt8qm4="}
Completed in 3ms (View: 1, DB: 0) | 200 OK [http://mm/articles/send_data]
  [4;36;1mSQL (0.6ms)[0m   [0;1mSET SQL_AUTO_IS_NULL=0[0m


Processing ArticlesController#index (for 127.0.0.1 at 2009-08-05 13:16:18) [GET]
  [4;35;1mArticle Load (0.3ms)[0m   [0mSELECT * FROM `articles` [0m
Rendering template within layouts/application
Rendering articles/index
Completed in 6ms (View: 3, DB: 1) | 200 OK [http://mm/articles]
  [4;36;1mSQL (0.1ms)[0m   [0;1mSET SQL_AUTO_IS_NULL=0[0m


Processing ArticlesController#send_data (for 127.0.0.1 at 2009-08-05 13:16:21) [POST]
  Parameters: {"commit"=>"Add", "chat_input"=>"dw", "authenticity_token"=>"5o6kfEtG0e3rsWGW7j69uDW2yo4y1Y77cjXb1vt8qm4="}
Completed in 3ms (View: 1, DB: 0) | 200 OK [http://mm/articles/send_data]
  [4;35;1mSQL (0.2ms)[0m   [0mSET SQL_AUTO_IS_NULL=0[0m


Processing ArticlesController#index (for 127.0.0.1 at 2009-08-05 13:16:32) [GET]
  [4;36;1mArticle Load (0.4ms)[0m   [0;1mSELECT * FROM `articles` [0m
Rendering template within layouts/application
Rendering articles/index
Completed in 10ms (View: 4, DB: 1) | 200 OK [http://mm/articles]
  [4;35;1mSQL (0.2ms)[0m   [0mSET SQL_AUTO_IS_NULL=0[0m


Processing ArticlesController#send_data (for 127.0.0.1 at 2009-08-05 13:16:34) [POST]
  Parameters: {"commit"=>"Add", "chat_input"=>"dawd", "authenticity_token"=>"f5w9bgTc6rulx6D6L+7aPHo2OiM2UD+PBTs2Gqws92c=", "_"=>""}
Completed in 5ms (View: 2, DB: 0) | 200 OK [http://mm/articles/send_data]
  [4;36;1mSQL (0.1ms)[0m   [0;1mSET SQL_AUTO_IS_NULL=0[0m


Processing ArticlesController#send_data (for 127.0.0.1 at 2009-08-05 13:16:40) [POST]
  Parameters: {"commit"=>"Add", "chat_input"=>"dwad", "authenticity_token"=>"5o6kfEtG0e3rsWGW7j69uDW2yo4y1Y77cjXb1vt8qm4="}
Completed in 3ms (View: 1, DB: 0) | 200 OK [http://mm/articles/send_data]
  [4;35;1mSQL (0.1ms)[0m   [0mSET SQL_AUTO_IS_NULL=0[0m


Processing ArticlesController#index (for 127.0.0.1 at 2009-08-05 13:16:41) [GET]
  [4;36;1mArticle Load (0.3ms)[0m   [0;1mSELECT * FROM `articles` [0m
Rendering template within layouts/application
Rendering articles/index
Completed in 6ms (View: 2, DB: 0) | 200 OK [http://mm/articles]
  [4;35;1mSQL (0.2ms)[0m   [0mSET SQL_AUTO_IS_NULL=0[0m


Processing ArticlesController#send_data (for 127.0.0.1 at 2009-08-05 13:16:44) [POST]
  Parameters: {"commit"=>"Add", "chat_input"=>"dwadawd", "authenticity_token"=>"5o6kfEtG0e3rsWGW7j69uDW2yo4y1Y77cjXb1vt8qm4="}
Completed in 3ms (View: 1, DB: 0) | 200 OK [http://mm/articles/send_data]
  [4;36;1mSQL (0.1ms)[0m   [0;1mSET SQL_AUTO_IS_NULL=0[0m


Processing ArticlesController#send_data (for 127.0.0.1 at 2009-08-05 13:16:46) [POST]
  Parameters: {"commit"=>"Add", "chat_input"=>"dawd", "authenticity_token"=>"5o6kfEtG0e3rsWGW7j69uDW2yo4y1Y77cjXb1vt8qm4="}
Completed in 3ms (View: 1, DB: 0) | 200 OK [http://mm/articles/send_data]
  [4;35;1mSQL (0.1ms)[0m   [0mSET SQL_AUTO_IS_NULL=0[0m


Processing ArticlesController#send_data (for 127.0.0.1 at 2009-08-05 13:16:51) [POST]
  Parameters: {"commit"=>"Add", "chat_input"=>"dwaddadadadaw", "authenticity_token"=>"f5w9bgTc6rulx6D6L+7aPHo2OiM2UD+PBTs2Gqws92c=", "_"=>""}
Completed in 4ms (View: 1, DB: 0) | 200 OK [http://mm/articles/send_data]
  [4;36;1mSQL (0.3ms)[0m   [0;1mSET SQL_AUTO_IS_NULL=0[0m


Processing ArticlesController#index (for 127.0.0.1 at 2009-08-05 13:16:54) [GET]
  [4;35;1mArticle Load (0.3ms)[0m   [0mSELECT * FROM `articles` [0m
Rendering template within layouts/application
Rendering articles/index
Completed in 7ms (View: 3, DB: 1) | 200 OK [http://mm/articles]
  [4;36;1mSQL (0.1ms)[0m   [0;1mSET SQL_AUTO_IS_NULL=0[0m


Processing ArticlesController#index (for 127.0.0.1 at 2009-08-05 13:17:13) [GET]
  [4;35;1mArticle Load (0.3ms)[0m   [0mSELECT * FROM `articles` [0m
Rendering template within layouts/application
Rendering articles/index
Completed in 8ms (View: 3, DB: 0) | 200 OK [http://mm/articles]
  [4;36;1mSQL (0.1ms)[0m   [0;1mSET SQL_AUTO_IS_NULL=0[0m


Processing ArticlesController#send_data (for 127.0.0.1 at 2009-08-05 13:17:16) [POST]
  Parameters: {"commit"=>"Add", "chat_input"=>"dwa", "authenticity_token"=>"5o6kfEtG0e3rsWGW7j69uDW2yo4y1Y77cjXb1vt8qm4="}
Completed in 3ms (View: 1, DB: 0) | 200 OK [http://mm/articles/send_data]
  [4;35;1mSQL (0.1ms)[0m   [0mSET SQL_AUTO_IS_NULL=0[0m


Processing ArticlesController#send_data (for 127.0.0.1 at 2009-08-05 13:17:26) [POST]
  Parameters: {"commit"=>"Add", "chat_input"=>"sw", "authenticity_token"=>"5o6kfEtG0e3rsWGW7j69uDW2yo4y1Y77cjXb1vt8qm4="}

Errno::ECONNREFUSED (Connection refused - connect(2)):
  app/controllers/articles_controller.rb:46:in `send_data'
  passenger (2.2.3) lib/phusion_passenger/rack/request_handler.rb:91:in `process_request'
  passenger (2.2.3) lib/phusion_passenger/abstract_request_handler.rb:206:in `main_loop'
  passenger (2.2.3) lib/phusion_passenger/railz/application_spawner.rb:376:in `start_request_handler'
  passenger (2.2.3) lib/phusion_passenger/railz/application_spawner.rb:334:in `handle_spawn_application'
  passenger (2.2.3) lib/phusion_passenger/utils.rb:182:in `safe_fork'
  passenger (2.2.3) lib/phusion_passenger/railz/application_spawner.rb:332:in `handle_spawn_application'
  passenger (2.2.3) lib/phusion_passenger/abstract_server.rb:351:in `__send__'
  passenger (2.2.3) lib/phusion_passenger/abstract_server.rb:351:in `main_loop'
  passenger (2.2.3) lib/phusion_passenger/abstract_server.rb:195:in `start_synchronously'
  passenger (2.2.3) lib/phusion_passenger/abstract_server.rb:162:in `start'
  passenger (2.2.3) lib/phusion_passenger/railz/application_spawner.rb:213:in `start'
  passenger (2.2.3) lib/phusion_passenger/spawn_manager.rb:261:in `spawn_rails_application'
  passenger (2.2.3) lib/phusion_passenger/abstract_server_collection.rb:126:in `lookup_or_add'
  passenger (2.2.3) lib/phusion_passenger/spawn_manager.rb:255:in `spawn_rails_application'
  passenger (2.2.3) lib/phusion_passenger/abstract_server_collection.rb:80:in `synchronize'
  passenger (2.2.3) lib/phusion_passenger/abstract_server_collection.rb:79:in `synchronize'
  passenger (2.2.3) lib/phusion_passenger/spawn_manager.rb:254:in `spawn_rails_application'
  passenger (2.2.3) lib/phusion_passenger/spawn_manager.rb:153:in `spawn_application'
  passenger (2.2.3) lib/phusion_passenger/spawn_manager.rb:286:in `handle_spawn_application'
  passenger (2.2.3) lib/phusion_passenger/abstract_server.rb:351:in `__send__'
  passenger (2.2.3) lib/phusion_passenger/abstract_server.rb:351:in `main_loop'
  passenger (2.2.3) lib/phusion_passenger/abstract_server.rb:195:in `start_synchronously'

Rendered rescues/_trace (30.5ms)
Rendered rescues/_request_and_response (1.4ms)
Rendering rescues/layout (internal_server_error)
  [4;36;1mSQL (0.1ms)[0m   [0;1mSET SQL_AUTO_IS_NULL=0[0m


Processing ArticlesController#send_data (for 127.0.0.1 at 2009-08-05 13:17:28) [POST]
  Parameters: {"commit"=>"Add", "chat_input"=>"dwadwa", "authenticity_token"=>"5o6kfEtG0e3rsWGW7j69uDW2yo4y1Y77cjXb1vt8qm4="}

Errno::ECONNREFUSED (Connection refused - connect(2)):
  app/controllers/articles_controller.rb:46:in `send_data'
  passenger (2.2.3) lib/phusion_passenger/rack/request_handler.rb:91:in `process_request'
  passenger (2.2.3) lib/phusion_passenger/abstract_request_handler.rb:206:in `main_loop'
  passenger (2.2.3) lib/phusion_passenger/railz/application_spawner.rb:376:in `start_request_handler'
  passenger (2.2.3) lib/phusion_passenger/railz/application_spawner.rb:334:in `handle_spawn_application'
  passenger (2.2.3) lib/phusion_passenger/utils.rb:182:in `safe_fork'
  passenger (2.2.3) lib/phusion_passenger/railz/application_spawner.rb:332:in `handle_spawn_application'
  passenger (2.2.3) lib/phusion_passenger/abstract_server.rb:351:in `__send__'
  passenger (2.2.3) lib/phusion_passenger/abstract_server.rb:351:in `main_loop'
  passenger (2.2.3) lib/phusion_passenger/abstract_server.rb:195:in `start_synchronously'
  passenger (2.2.3) lib/phusion_passenger/abstract_server.rb:162:in `start'
  passenger (2.2.3) lib/phusion_passenger/railz/application_spawner.rb:213:in `start'
  passenger (2.2.3) lib/phusion_passenger/spawn_manager.rb:261:in `spawn_rails_application'
  passenger (2.2.3) lib/phusion_passenger/abstract_server_collection.rb:126:in `lookup_or_add'
  passenger (2.2.3) lib/phusion_passenger/spawn_manager.rb:255:in `spawn_rails_application'
  passenger (2.2.3) lib/phusion_passenger/abstract_server_collection.rb:80:in `synchronize'
  passenger (2.2.3) lib/phusion_passenger/abstract_server_collection.rb:79:in `synchronize'
  passenger (2.2.3) lib/phusion_passenger/spawn_manager.rb:254:in `spawn_rails_application'
  passenger (2.2.3) lib/phusion_passenger/spawn_manager.rb:153:in `spawn_application'
  passenger (2.2.3) lib/phusion_passenger/spawn_manager.rb:286:in `handle_spawn_application'
  passenger (2.2.3) lib/phusion_passenger/abstract_server.rb:351:in `__send__'
  passenger (2.2.3) lib/phusion_passenger/abstract_server.rb:351:in `main_loop'
  passenger (2.2.3) lib/phusion_passenger/abstract_server.rb:195:in `start_synchronously'

Rendered rescues/_trace (32.1ms)
Rendered rescues/_request_and_response (0.3ms)
Rendering rescues/layout (internal_server_error)
  [4;35;1mSQL (0.2ms)[0m   [0mSET SQL_AUTO_IS_NULL=0[0m


Processing ArticlesController#send_data (for 127.0.0.1 at 2009-08-05 13:17:38) [POST]
  Parameters: {"commit"=>"Add", "chat_input"=>"dawddad", "authenticity_token"=>"5o6kfEtG0e3rsWGW7j69uDW2yo4y1Y77cjXb1vt8qm4="}
Completed in 3ms (View: 1, DB: 0) | 200 OK [http://mm/articles/send_data]
  [4;36;1mSQL (0.1ms)[0m   [0;1mSET SQL_AUTO_IS_NULL=0[0m


Processing ArticlesController#send_data (for 127.0.0.1 at 2009-08-05 13:17:39) [POST]
  Parameters: {"commit"=>"Add", "chat_input"=>"", "authenticity_token"=>"5o6kfEtG0e3rsWGW7j69uDW2yo4y1Y77cjXb1vt8qm4="}
Completed in 3ms (View: 1, DB: 0) | 200 OK [http://mm/articles/send_data]
  [4;35;1mSQL (0.1ms)[0m   [0mSET SQL_AUTO_IS_NULL=0[0m


Processing ArticlesController#send_data (for 127.0.0.1 at 2009-08-05 13:17:42) [POST]
  Parameters: {"commit"=>"Add", "chat_input"=>"2222222", "authenticity_token"=>"5o6kfEtG0e3rsWGW7j69uDW2yo4y1Y77cjXb1vt8qm4="}
Completed in 3ms (View: 1, DB: 0) | 200 OK [http://mm/articles/send_data]
  [4;36;1mSQL (0.1ms)[0m   [0;1mSET SQL_AUTO_IS_NULL=0[0m


Processing ArticlesController#send_data (for 127.0.0.1 at 2009-08-05 13:17:52) [POST]
  Parameters: {"commit"=>"Add", "chat_input"=>"22", "authenticity_token"=>"5o6kfEtG0e3rsWGW7j69uDW2yo4y1Y77cjXb1vt8qm4="}
Completed in 4ms (View: 1, DB: 0) | 200 OK [http://mm/articles/send_data]
  [4;35;1mSQL (0.2ms)[0m   [0mSET SQL_AUTO_IS_NULL=0[0m


Processing ArticlesController#send_data (for 127.0.0.1 at 2009-08-05 13:17:53) [POST]
  Parameters: {"commit"=>"Add", "chat_input"=>"", "authenticity_token"=>"5o6kfEtG0e3rsWGW7j69uDW2yo4y1Y77cjXb1vt8qm4="}
Completed in 3ms (View: 1, DB: 0) | 200 OK [http://mm/articles/send_data]
  [4;36;1mSQL (0.3ms)[0m   [0;1mSET SQL_AUTO_IS_NULL=0[0m


Processing ArticlesController#index (for 127.0.0.1 at 2009-08-05 13:17:57) [GET]
  [4;35;1mArticle Load (0.4ms)[0m   [0mSELECT * FROM `articles` [0m
Rendering template within layouts/application
Rendering articles/index
Completed in 11ms (View: 4, DB: 1) | 200 OK [http://mm/articles]
  [4;36;1mSQL (0.1ms)[0m   [0;1mSET SQL_AUTO_IS_NULL=0[0m


Processing ArticlesController#send_data (for 127.0.0.1 at 2009-08-05 13:17:59) [POST]
  Parameters: {"commit"=>"Add", "chat_input"=>"222", "authenticity_token"=>"f5w9bgTc6rulx6D6L+7aPHo2OiM2UD+PBTs2Gqws92c=", "_"=>""}
Completed in 4ms (View: 1, DB: 0) | 200 OK [http://mm/articles/send_data]
  [4;35;1mSQL (0.1ms)[0m   [0mSET SQL_AUTO_IS_NULL=0[0m


Processing ArticlesController#send_data (for 127.0.0.1 at 2009-08-05 13:18:03) [POST]
  Parameters: {"commit"=>"Add", "chat_input"=>"2222", "authenticity_token"=>"5o6kfEtG0e3rsWGW7j69uDW2yo4y1Y77cjXb1vt8qm4="}
Completed in 3ms (View: 1, DB: 0) | 200 OK [http://mm/articles/send_data]
  [4;36;1mSQL (0.2ms)[0m   [0;1mSET SQL_AUTO_IS_NULL=0[0m


Processing ArticlesController#index (for 127.0.0.1 at 2009-08-05 13:18:07) [GET]
  [4;35;1mArticle Load (0.3ms)[0m   [0mSELECT * FROM `articles` [0m
Rendering template within layouts/application
Rendering articles/index
Completed in 6ms (View: 2, DB: 0) | 200 OK [http://mm/articles]
  [4;36;1mSQL (0.1ms)[0m   [0;1mSET SQL_AUTO_IS_NULL=0[0m


Processing ArticlesController#send_data (for 127.0.0.1 at 2009-08-05 13:18:10) [POST]
  Parameters: {"commit"=>"Add", "chat_input"=>"2222", "authenticity_token"=>"5o6kfEtG0e3rsWGW7j69uDW2yo4y1Y77cjXb1vt8qm4="}
Completed in 3ms (View: 1, DB: 0) | 200 OK [http://mm/articles/send_data]
  [4;35;1mSQL (1.4ms)[0m   [0mSET SQL_AUTO_IS_NULL=0[0m


Processing ArticlesController#send_data (for 127.0.0.1 at 2009-08-05 13:18:12) [POST]
  Parameters: {"commit"=>"Add", "chat_input"=>"33333", "authenticity_token"=>"5o6kfEtG0e3rsWGW7j69uDW2yo4y1Y77cjXb1vt8qm4="}
Completed in 4ms (View: 1, DB: 1) | 200 OK [http://mm/articles/send_data]
  [4;36;1mSQL (0.2ms)[0m   [0;1mSET SQL_AUTO_IS_NULL=0[0m


Processing ArticlesController#send_data (for 127.0.0.1 at 2009-08-05 13:30:52) [POST]
  Parameters: {"commit"=>"Add", "chat_input"=>"dudssd", "authenticity_token"=>"5o6kfEtG0e3rsWGW7j69uDW2yo4y1Y77cjXb1vt8qm4="}
Completed in 8ms (View: 5, DB: 0) | 200 OK [http://mm/articles/send_data]
  [4;35;1mSQL (0.1ms)[0m   [0mSET SQL_AUTO_IS_NULL=0[0m


Processing ArticlesController#send_data (for 127.0.0.1 at 2009-08-05 13:30:58) [POST]
  Parameters: {"commit"=>"Add", "chat_input"=>"DUDE WE'RE FUCKING CHATTING", "authenticity_token"=>"5o6kfEtG0e3rsWGW7j69uDW2yo4y1Y77cjXb1vt8qm4="}
Completed in 4ms (View: 1, DB: 0) | 200 OK [http://mm/articles/send_data]
